Tue 02/17/2026 14:34:20.72 - Starting publish... 
[main 91f3958] Auto-update from Store Manager
 1 file changed, 1 insertion(+)
 create mode 100644 publish.log
To https://github.com/Original-med-store/ORIGINAL-MED_store.git
   f67fa54..91f3958  main -> main
Tue 02/17/2026 14:34:23.66 - Publish successful 
Tue 02/17/2026 15:06:04.63 - Starting publish... 
warning: in the working copy of 'publish.log', LF will be replaced by CRLF the next time Git touches it
[main 52e7281] Auto-update from Store Manager
 8 files changed, 1135 insertions(+), 393 deletions(-)
 create mode 100644 assets/3333.jpg
 create mode 100644 assets/ahmed Goda  Dhcp 4.PNG
To https://github.com/Original-med-store/ORIGINAL-MED_store.git
   91f3958..52e7281  main -> main
Tue 02/17/2026 15:06:09.02 - Publish successful 
Tue 02/17/2026 15:09:29.39 - Starting publish... 
warning: in the working copy of 'publish.log', LF will be replaced by CRLF the next time Git touches it
[main 23f0ee5] Auto-update from Store Manager
 3 files changed, 12 insertions(+), 3 deletions(-)
To https://github.com/Original-med-store/ORIGINAL-MED_store.git
   52e7281..23f0ee5  main -> main
Tue 02/17/2026 15:09:33.20 - Publish successful 
Tue 02/17/2026 15:10:11.49 - Starting publish... 
warning: in the working copy of 'publish.log', LF will be replaced by CRLF the next time Git touches it
[main ddeb0c1] Auto-update from Store Manager
 3 files changed, 21 insertions(+), 1 deletion(-)
To https://github.com/Original-med-store/ORIGINAL-MED_store.git
   23f0ee5..ddeb0c1  main -> main
Tue 02/17/2026 15:10:14.25 - Publish successful 
Tue 02/17/2026 15:20:24.94 - Starting publish... 
warning: in the working copy of 'publish.log', LF will be replaced by CRLF the next time Git touches it
[main f26b151] Auto-update from Store Manager
 3 files changed, 23 insertions(+), 10 deletions(-)
To https://github.com/Original-med-store/ORIGINAL-MED_store.git
   ddeb0c1..f26b151  main -> main
Tue 02/17/2026 15:20:28.13 - Publish successful 
Tue 02/17/2026 15:26:22.85 - Starting publish... 
